<?xml version="1.0" encoding="UTF-8"?>
<!-- Generated by org.testng.reporters.JUnitXMLReporter -->
<testsuite ignored="0" hostname="Madhan" failures="1" tests="3" name="Test Chrome" time="208.483" errors="0" timestamp="2022-12-13T10:43:05 IST">
  <testcase classname="com.qa.testscripts.Tc_Amazon01" name="Amazon_Search" time="83.222"/>
  <testcase classname="com.qa.testscripts.Tc_Amazon01" name="Amazon_Search" time="72.713"/>
  <testcase classname="com.qa.testscripts.Tc_Amazon01" name="Amazon_Search" time="9.232">
    <failure type="org.openqa.selenium.NoSuchElementException" message="Cannot locate element with text: laptop
For documentation on this error, please visit: https://www.seleniumhq.org/exceptions/no_such_element.html
Build info: version: &amp;apos;3.141.59&amp;apos;, revision: &amp;apos;e82be7d358&amp;apos;, time: &amp;apos;2018-11-14T08:17:03&amp;apos;
System info: host: &amp;apos;MADHAN&amp;apos;, ip: &amp;apos;192.168.137.102&amp;apos;, os.name: &amp;apos;Windows 10&amp;apos;, os.arch: &amp;apos;amd64&amp;apos;, os.version: &amp;apos;10.0&amp;apos;, java.version: &amp;apos;17.0.1&amp;apos;
Driver info: driver.version: unknown">
      <![CDATA[org.openqa.selenium.NoSuchElementException: Cannot locate element with text: laptop
For documentation on this error, please visit: https://www.seleniumhq.org/exceptions/no_such_element.html
Build info: version: '3.141.59', revision: 'e82be7d358', time: '2018-11-14T08:17:03'
System info: host: 'MADHAN', ip: '192.168.137.102', os.name: 'Windows 10', os.arch: 'amd64', os.version: '10.0', java.version: '17.0.1'
Driver info: driver.version: unknown
at org.openqa.selenium.support.ui.Select.selectByVisibleText(Select.java:147)
at com.qa.testscripts.Tc_Amazon01.Amazon_Search(Tc_Amazon01.java:52)
at java.base/java.util.concurrent.ThreadPoolExecutor.runWorker(ThreadPoolExecutor.java:1136)
at java.base/java.util.concurrent.ThreadPoolExecutor$Worker.run(ThreadPoolExecutor.java:635)
at java.base/java.lang.Thread.run(Thread.java:833)
... Removed 12 stack frames]]>
    </failure>
  </testcase> <!-- Amazon_Search -->
</testsuite> <!-- Test Chrome -->
